Watching for file changes with StatReloader
Not Found: /favicon.ico
Watching for file changes with StatReloader
E:\Traffic_violation_detection_system\violation_app\models.py changed, reloading.
Watching for file changes with StatReloader
E:\Traffic_violation_detection_system\violation_app\models.py changed, reloading.
Watching for file changes with StatReloader
Watching for file changes with StatReloader
E:\Traffic_violation_detection_system\violation_app\models.py changed, reloading.
Watching for file changes with StatReloader
E:\Traffic_violation_detection_system\violation_app\models.py changed, reloading.
Watching for file changes with StatReloader
E:\Traffic_violation_detection_system\violation_app\utils.py changed, reloading.
Watching for file changes with StatReloader
E:\Traffic_violation_detection_system\violation_app\views.py changed, reloading.
Watching for file changes with StatReloader
Watching for file changes with StatReloader
Not Found: /report/3/progress/
Internal Server Error: /report/4/pdf/
Traceback (most recent call last):
  File "E:\Traffic_violation_detection_system\venv\lib\site-packages\django\core\handlers\exception.py", line 55, in inner
    response = get_response(request)
  File "E:\Traffic_violation_detection_system\venv\lib\site-packages\django\core\handlers\base.py", line 204, in _get_response
    self.check_response(response, callback)
  File "E:\Traffic_violation_detection_system\venv\lib\site-packages\django\core\handlers\base.py", line 332, in check_response
    raise ValueError(
ValueError: The view violation_app.views.download_pdf_report didn't return an HttpResponse object. It returned None instead.
Internal Server Error: /report/4/pdf/
Traceback (most recent call last):
  File "E:\Traffic_violation_detection_system\venv\lib\site-packages\django\core\handlers\exception.py", line 55, in inner
    response = get_response(request)
  File "E:\Traffic_violation_detection_system\venv\lib\site-packages\django\core\handlers\base.py", line 204, in _get_response
    self.check_response(response, callback)
  File "E:\Traffic_violation_detection_system\venv\lib\site-packages\django\core\handlers\base.py", line 332, in check_response
    raise ValueError(
ValueError: The view violation_app.views.download_pdf_report didn't return an HttpResponse object. It returned None instead.
Not Found: /report/3/progress/
Not Found: /report/5/progress/
Not Found: /report/3/progress/
Not Found: /report/3/progress/
Not Found: /report/3/progress/
Not Found: /report/3/progress/
E:\Traffic_violation_detection_system\violation_app\views.py changed, reloading.
Watching for file changes with StatReloader
E:\Traffic_violation_detection_system\violation_app\views.py changed, reloading.
Watching for file changes with StatReloader
E:\Traffic_violation_detection_system\violation_app\urls.py changed, reloading.
Watching for file changes with StatReloader
Watching for file changes with StatReloader
Not Found: /report/3/progress/
Not Found: /report/3/progress/
Internal Server Error: /report/5/pdf/
Traceback (most recent call last):
  File "E:\Traffic_violation_detection_system\venv\lib\site-packages\django\core\handlers\exception.py", line 55, in inner
    response = get_response(request)
  File "E:\Traffic_violation_detection_system\venv\lib\site-packages\django\core\handlers\base.py", line 204, in _get_response
    self.check_response(response, callback)
  File "E:\Traffic_violation_detection_system\venv\lib\site-packages\django\core\handlers\base.py", line 332, in check_response
    raise ValueError(
ValueError: The view violation_app.views.download_pdf_report didn't return an HttpResponse object. It returned None instead.
E:\Traffic_violation_detection_system\violation_app\views.py changed, reloading.
Watching for file changes with StatReloader
E:\Traffic_violation_detection_system\violation_app\views.py changed, reloading.
Watching for file changes with StatReloader
E:\Traffic_violation_detection_system\violation_app\views.py changed, reloading.
Watching for file changes with StatReloader
E:\Traffic_violation_detection_system\violation_app\views.py changed, reloading.
Watching for file changes with StatReloader
E:\Traffic_violation_detection_system\violation_app\views.py changed, reloading.
Watching for file changes with StatReloader
Watching for file changes with StatReloader
Not Found: /report/6/progress/
E:\Traffic_violation_detection_system\violation_app\utils.py changed, reloading.
Watching for file changes with StatReloader
E:\Traffic_violation_detection_system\violation_app\utils.py changed, reloading.
Watching for file changes with StatReloader
E:\Traffic_violation_detection_system\violation_app\utils.py changed, reloading.
Watching for file changes with StatReloader
E:\Traffic_violation_detection_system\violation_app\utils.py changed, reloading.
Watching for file changes with StatReloader
E:\Traffic_violation_detection_system\violation_app\utils.py changed, reloading.
Watching for file changes with StatReloader
E:\Traffic_violation_detection_system\violation_app\urls.py changed, reloading.
Watching for file changes with StatReloader
E:\Traffic_violation_detection_system\violation_app\urls.py changed, reloading.
Watching for file changes with StatReloader
Watching for file changes with StatReloader
E:\Traffic_violation_detection_system\violation_app\utils.py changed, reloading.
Watching for file changes with StatReloader
E:\Traffic_violation_detection_system\violation_app\utils.py changed, reloading.
Watching for file changes with StatReloader
E:\Traffic_violation_detection_system\traffic_system\urls.py changed, reloading.
Watching for file changes with StatReloader
Watching for file changes with StatReloader
E:\Traffic_violation_detection_system\traffic_system\settings.py changed, reloading.
Watching for file changes with StatReloader
E:\Traffic_violation_detection_system\traffic_system\urls.py changed, reloading.
Watching for file changes with StatReloader
Not Found: /.well-known/appspecific/com.chrome.devtools.json
E:\Traffic_violation_detection_system\violation_app\forms.py changed, reloading.
Watching for file changes with StatReloader
E:\Traffic_violation_detection_system\violation_app\forms.py changed, reloading.
Watching for file changes with StatReloader
E:\Traffic_violation_detection_system\violation_app\forms.py changed, reloading.
Watching for file changes with StatReloader
E:\Traffic_violation_detection_system\violation_app\forms.py changed, reloading.
Watching for file changes with StatReloader
E:\Traffic_violation_detection_system\violation_app\forms.py changed, reloading.
Watching for file changes with StatReloader
E:\Traffic_violation_detection_system\violation_app\views.py changed, reloading.
Watching for file changes with StatReloader
E:\Traffic_violation_detection_system\violation_app\forms.py changed, reloading.
Watching for file changes with StatReloader
Watching for file changes with StatReloader
Not Found: /favicon.ico
Not Found: /favicon.ico
E:\Traffic_violation_detection_system\violation_app\utils.py changed, reloading.
Watching for file changes with StatReloader
E:\Traffic_violation_detection_system\violation_app\urls.py changed, reloading.
Watching for file changes with StatReloader
E:\Traffic_violation_detection_system\violation_app\utils.py changed, reloading.
Watching for file changes with StatReloader
E:\Traffic_violation_detection_system\violation_app\views.py changed, reloading.
Watching for file changes with StatReloader
E:\Traffic_violation_detection_system\violation_app\urls.py changed, reloading.
Watching for file changes with StatReloader
Watching for file changes with StatReloader
E:\Traffic_violation_detection_system\violation_app\utils.py changed, reloading.
Watching for file changes with StatReloader
E:\Traffic_violation_detection_system\violation_app\utils.py changed, reloading.
Watching for file changes with StatReloader
Watching for file changes with StatReloader
E:\Traffic_violation_detection_system\violation_app\utils.py changed, reloading.
Watching for file changes with StatReloader
Watching for file changes with StatReloader
Watching for file changes with StatReloader
Not Found: /favicon.ico
E:\Traffic_violation_detection_system\violation_app\utils.py changed, reloading.
Watching for file changes with StatReloader
Watching for file changes with StatReloader
E:\Traffic_violation_detection_system\violation_app\utils.py changed, reloading.
Watching for file changes with StatReloader
E:\Traffic_violation_detection_system\violation_app\utils.py changed, reloading.
Watching for file changes with StatReloader
Watching for file changes with StatReloader
E:\Traffic_violation_detection_system\violation_app\utils.py changed, reloading.
Watching for file changes with StatReloader
E:\Traffic_violation_detection_system\violation_app\utils.py changed, reloading.
Watching for file changes with StatReloader
Watching for file changes with StatReloader
Not Found: /favicon.ico
E:\Traffic_violation_detection_system\violation_app\utils.py changed, reloading.
Watching for file changes with StatReloader
E:\Traffic_violation_detection_system\violation_app\utils.py changed, reloading.
Watching for file changes with StatReloader
E:\Traffic_violation_detection_system\violation_app\utils.py changed, reloading.
Watching for file changes with StatReloader
E:\Traffic_violation_detection_system\violation_app\utils.py changed, reloading.
Watching for file changes with StatReloader
E:\Traffic_violation_detection_system\violation_app\utils.py changed, reloading.
Watching for file changes with StatReloader
Watching for file changes with StatReloader
E:\Traffic_violation_detection_system\violation_app\utils.py changed, reloading.
Watching for file changes with StatReloader
Watching for file changes with StatReloader
E:\Traffic_violation_detection_system\violation_app\utils.py changed, reloading.
Watching for file changes with StatReloader
E:\Traffic_violation_detection_system\violation_app\utils.py changed, reloading.
Watching for file changes with StatReloader
E:\Traffic_violation_detection_system\violation_app\utils.py changed, reloading.
Watching for file changes with StatReloader
Watching for file changes with StatReloader
E:\Traffic_violation_detection_system\violation_app\utils.py changed, reloading.
Watching for file changes with StatReloader
Watching for file changes with StatReloader
E:\Traffic_violation_detection_system\violation_app\utils.py changed, reloading.
Watching for file changes with StatReloader
Watching for file changes with StatReloader
Not Found: /favicon.ico
E:\Traffic_violation_detection_system\violation_app\utils.py changed, reloading.
Watching for file changes with StatReloader
E:\Traffic_violation_detection_system\violation_app\utils.py changed, reloading.
Watching for file changes with StatReloader
E:\Traffic_violation_detection_system\violation_app\utils.py changed, reloading.
Watching for file changes with StatReloader
E:\Traffic_violation_detection_system\violation_app\utils.py changed, reloading.
Watching for file changes with StatReloader
E:\Traffic_violation_detection_system\violation_app\utils.py changed, reloading.
Watching for file changes with StatReloader
E:\Traffic_violation_detection_system\violation_app\utils.py changed, reloading.
Watching for file changes with StatReloader
E:\Traffic_violation_detection_system\violation_app\utils.py changed, reloading.
Watching for file changes with StatReloader
Watching for file changes with StatReloader
E:\Traffic_violation_detection_system\violation_app\utils.py changed, reloading.
Watching for file changes with StatReloader
E:\Traffic_violation_detection_system\violation_app\utils.py changed, reloading.
Watching for file changes with StatReloader
E:\Traffic_violation_detection_system\violation_app\utils.py changed, reloading.
Watching for file changes with StatReloader
E:\Traffic_violation_detection_system\violation_app\utils.py changed, reloading.
Watching for file changes with StatReloader
E:\Traffic_violation_detection_system\violation_app\utils.py changed, reloading.
Watching for file changes with StatReloader
E:\Traffic_violation_detection_system\violation_app\utils.py changed, reloading.
Watching for file changes with StatReloader
E:\Traffic_violation_detection_system\violation_app\utils.py changed, reloading.
Watching for file changes with StatReloader
E:\Traffic_violation_detection_system\violation_app\utils.py changed, reloading.
Watching for file changes with StatReloader
E:\Traffic_violation_detection_system\violation_app\utils.py changed, reloading.
Watching for file changes with StatReloader
Watching for file changes with StatReloader
Not Found: /favicon.ico
Watching for file changes with StatReloader
Not Found: /favicon.ico
E:\Traffic_violation_detection_system\violation_app\utils.py changed, reloading.
Watching for file changes with StatReloader
E:\Traffic_violation_detection_system\violation_app\utils.py changed, reloading.
Watching for file changes with StatReloader
E:\Traffic_violation_detection_system\violation_app\utils.py changed, reloading.
Watching for file changes with StatReloader
E:\Traffic_violation_detection_system\violation_app\utils.py changed, reloading.
Watching for file changes with StatReloader
E:\Traffic_violation_detection_system\violation_app\utils.py changed, reloading.
Watching for file changes with StatReloader
E:\Traffic_violation_detection_system\violation_app\utils.py changed, reloading.
Watching for file changes with StatReloader
E:\Traffic_violation_detection_system\violation_app\utils.py changed, reloading.
Watching for file changes with StatReloader
E:\Traffic_violation_detection_system\violation_app\utils.py changed, reloading.
Watching for file changes with StatReloader
Watching for file changes with StatReloader
Not Found: /favicon.ico
E:\Traffic_violation_detection_system\violation_app\utils.py changed, reloading.
Watching for file changes with StatReloader
Watching for file changes with StatReloader
Not Found: /favicon.ico
Watching for file changes with StatReloader
Watching for file changes with StatReloader
E:\Traffic_violation_detection_system\violation_app\utils.py changed, reloading.
Watching for file changes with StatReloader
E:\Traffic_violation_detection_system\violation_app\utils.py changed, reloading.
Watching for file changes with StatReloader
E:\Traffic_violation_detection_system\violation_app\utils.py changed, reloading.
Watching for file changes with StatReloader
E:\Traffic_violation_detection_system\violation_app\utils.py changed, reloading.
Watching for file changes with StatReloader
E:\Traffic_violation_detection_system\violation_app\utils.py changed, reloading.
Watching for file changes with StatReloader
E:\Traffic_violation_detection_system\violation_app\utils.py changed, reloading.
Watching for file changes with StatReloader
Watching for file changes with StatReloader
Not Found: /favicon.ico
E:\Traffic_violation_detection_system\violation_app\utils.py changed, reloading.
Watching for file changes with StatReloader
E:\Traffic_violation_detection_system\violation_app\utils.py changed, reloading.
Watching for file changes with StatReloader
E:\Traffic_violation_detection_system\violation_app\utils.py changed, reloading.
Watching for file changes with StatReloader
E:\Traffic_violation_detection_system\traffic_system\settings.py changed, reloading.
Watching for file changes with StatReloader
E:\Traffic_violation_detection_system\violation_app\utils.py changed, reloading.
Watching for file changes with StatReloader
Watching for file changes with StatReloader
Not Found: /favicon.ico
Watching for file changes with StatReloader
Not Found: /favicon.ico
Watching for file changes with StatReloader
Not Found: /favicon.ico
